{"/Users/shivam_agarwal/CodeAcademy/uhi-onboarding-backend/src/util/abdm.js": {"path":"/Users/shivam_agarwal/CodeAcademy/uhi-onboarding-backend/src/util/abdm.js","statementMap":{"0":{"start":{"line":5,"column":13},"end":{"line":5,"column":28}},"1":{"start":{"line":6,"column":11},"end":{"line":6,"column":24}},"2":{"start":{"line":7,"column":18},"end":{"line":7,"column":47}},"3":{"start":{"line":8,"column":24},"end":{"line":9,"column":26}},"4":{"start":{"line":9,"column":2},"end":{"line":9,"column":26}},"5":{"start":{"line":11,"column":17},"end":{"line":11,"column":45}},"6":{"start":{"line":11,"column":26},"end":{"line":11,"column":45}},"7":{"start":{"line":13,"column":27},"end":{"line":17,"column":1}},"8":{"start":{"line":14,"column":19},"end":{"line":14,"column":54}},"9":{"start":{"line":15,"column":16},"end":{"line":15,"column":37}},"10":{"start":{"line":16,"column":2},"end":{"line":16,"column":14}},"11":{"start":{"line":19,"column":35},"end":{"line":24,"column":2}},"12":{"start":{"line":19,"column":46},"end":{"line":24,"column":2}},"13":{"start":{"line":20,"column":2},"end":{"line":23,"column":4}},"14":{"start":{"line":21,"column":4},"end":{"line":21,"column":32}},"15":{"start":{"line":21,"column":17},"end":{"line":21,"column":30}},"16":{"start":{"line":22,"column":4},"end":{"line":22,"column":17}},"17":{"start":{"line":26,"column":22},"end":{"line":35,"column":1}},"18":{"start":{"line":27,"column":2},"end":{"line":33,"column":3}},"19":{"start":{"line":28,"column":4},"end":{"line":32,"column":6}},"20":{"start":{"line":29,"column":6},"end":{"line":31,"column":8}},"21":{"start":{"line":30,"column":8},"end":{"line":30,"column":45}},"22":{"start":{"line":34,"column":2},"end":{"line":34,"column":11}},"23":{"start":{"line":37,"column":20},"end":{"line":45,"column":1}},"24":{"start":{"line":38,"column":16},"end":{"line":38,"column":37}},"25":{"start":{"line":39,"column":2},"end":{"line":43,"column":3}},"26":{"start":{"line":40,"column":21},"end":{"line":40,"column":47}},"27":{"start":{"line":41,"column":4},"end":{"line":41,"column":46}},"28":{"start":{"line":42,"column":4},"end":{"line":42,"column":59}},"29":{"start":{"line":44,"column":2},"end":{"line":44,"column":44}},"30":{"start":{"line":47,"column":0},"end":{"line":47,"column":32}}},"fnMap":{"0":{"name":"(anonymous_0)","decl":{"start":{"line":8,"column":24},"end":{"line":8,"column":25}},"loc":{"start":{"line":9,"column":2},"end":{"line":9,"column":26}},"line":9},"1":{"name":"(anonymous_1)","decl":{"start":{"line":11,"column":17},"end":{"line":11,"column":18}},"loc":{"start":{"line":11,"column":26},"end":{"line":11,"column":45}},"line":11},"2":{"name":"(anonymous_2)","decl":{"start":{"line":13,"column":27},"end":{"line":13,"column":28}},"loc":{"start":{"line":13,"column":39},"end":{"line":17,"column":1}},"line":13},"3":{"name":"(anonymous_3)","decl":{"start":{"line":19,"column":35},"end":{"line":19,"column":36}},"loc":{"start":{"line":19,"column":46},"end":{"line":24,"column":2}},"line":19},"4":{"name":"(anonymous_4)","decl":{"start":{"line":19,"column":58},"end":{"line":19,"column":59}},"loc":{"start":{"line":19,"column":79},"end":{"line":24,"column":1}},"line":19},"5":{"name":"(anonymous_5)","decl":{"start":{"line":20,"column":48},"end":{"line":20,"column":49}},"loc":{"start":{"line":20,"column":59},"end":{"line":23,"column":3}},"line":20},"6":{"name":"(anonymous_6)","decl":{"start":{"line":26,"column":22},"end":{"line":26,"column":23}},"loc":{"start":{"line":26,"column":28},"end":{"line":35,"column":1}},"line":26},"7":{"name":"(anonymous_7)","decl":{"start":{"line":28,"column":23},"end":{"line":28,"column":24}},"loc":{"start":{"line":28,"column":44},"end":{"line":32,"column":5}},"line":28},"8":{"name":"(anonymous_8)","decl":{"start":{"line":29,"column":38},"end":{"line":29,"column":39}},"loc":{"start":{"line":29,"column":55},"end":{"line":31,"column":7}},"line":29},"9":{"name":"(anonymous_9)","decl":{"start":{"line":37,"column":20},"end":{"line":37,"column":21}},"loc":{"start":{"line":37,"column":32},"end":{"line":45,"column":1}},"line":37}},"branchMap":{"0":{"loc":{"start":{"line":21,"column":4},"end":{"line":21,"column":32}},"type":"if","locations":[{"start":{"line":21,"column":4},"end":{"line":21,"column":32}},{"start":{},"end":{}}],"line":21},"1":{"loc":{"start":{"line":27,"column":2},"end":{"line":33,"column":3}},"type":"if","locations":[{"start":{"line":27,"column":2},"end":{"line":33,"column":3}},{"start":{},"end":{}}],"line":27},"2":{"loc":{"start":{"line":30,"column":8},"end":{"line":30,"column":45}},"type":"cond-expr","locations":[{"start":{"line":30,"column":16},"end":{"line":30,"column":29}},{"start":{"line":30,"column":32},"end":{"line":30,"column":45}}],"line":30},"3":{"loc":{"start":{"line":39,"column":2},"end":{"line":43,"column":3}},"type":"if","locations":[{"start":{"line":39,"column":2},"end":{"line":43,"column":3}},{"start":{},"end":{}}],"line":39},"4":{"loc":{"start":{"line":39,"column":6},"end":{"line":39,"column":89}},"type":"binary-expr","locations":[{"start":{"line":39,"column":6},"end":{"line":39,"column":24}},{"start":{"line":39,"column":29},"end":{"line":39,"column":45}},{"start":{"line":39,"column":49},"end":{"line":39,"column":88}}],"line":39}},"s":{"0":1,"1":1,"2":1,"3":1,"4":5,"5":1,"6":6,"7":1,"8":3,"9":3,"10":3,"11":1,"12":3,"13":3,"14":3,"15":1,"16":3,"17":1,"18":5,"19":4,"20":4,"21":4,"22":1,"23":1,"24":5,"25":4,"26":3,"27":3,"28":2,"29":1,"30":1},"f":{"0":5,"1":6,"2":3,"3":3,"4":3,"5":3,"6":5,"7":4,"8":4,"9":5},"b":{"0":[1,2],"1":[4,1],"2":[1,3],"3":[3,1],"4":[4,3,3]},"_coverageSchema":"1a1c01bbd47fc00a2c39e90264f33305004495a9","hash":"c79a5960a1fcdc28fe2a917bf3ffb958e612e6e2"}
}
