TN:
SF:src/util/abdm.js
FN:8,(anonymous_0)
FN:11,(anonymous_1)
FN:13,(anonymous_2)
FN:19,(anonymous_3)
FN:19,(anonymous_4)
FN:20,(anonymous_5)
FN:26,(anonymous_6)
FN:28,(anonymous_7)
FN:29,(anonymous_8)
FN:37,(anonymous_9)
FNF:10
FNH:10
FNDA:5,(anonymous_0)
FNDA:6,(anonymous_1)
FNDA:3,(anonymous_2)
FNDA:3,(anonymous_3)
FNDA:3,(anonymous_4)
FNDA:3,(anonymous_5)
FNDA:5,(anonymous_6)
FNDA:4,(anonymous_7)
FNDA:4,(anonymous_8)
FNDA:5,(anonymous_9)
DA:5,1
DA:6,1
DA:7,1
DA:8,1
DA:9,5
DA:11,6
DA:13,1
DA:14,3
DA:15,3
DA:16,3
DA:19,3
DA:20,3
DA:21,3
DA:22,3
DA:26,1
DA:27,5
DA:28,4
DA:29,4
DA:30,4
DA:34,1
DA:37,1
DA:38,5
DA:39,4
DA:40,3
DA:41,3
DA:42,2
DA:44,1
DA:47,1
LF:28
LH:28
BRDA:21,0,0,1
BRDA:21,0,1,2
BRDA:27,1,0,4
BRDA:27,1,1,1
BRDA:30,2,0,1
BRDA:30,2,1,3
BRDA:39,3,0,3
BRDA:39,3,1,1
BRDA:39,4,0,4
BRDA:39,4,1,3
BRDA:39,4,2,3
BRF:11
BRH:11
end_of_record
